c:\users\basso\onedrive\área de trabalho\faculdade\3º semestre\modelagem e simulação\petrinetga2\petrinet engine\x64\debug\petrinet engine.pch
c:\users\basso\onedrive\área de trabalho\faculdade\3º semestre\modelagem e simulação\petrinetga2\petrinet engine\x64\debug\vc141.pdb
c:\users\basso\onedrive\área de trabalho\faculdade\3º semestre\modelagem e simulação\petrinetga2\petrinet engine\x64\debug\vc141.idb
c:\users\basso\onedrive\área de trabalho\faculdade\3º semestre\modelagem e simulação\petrinetga2\petrinet engine\x64\debug\pch.obj
c:\users\basso\onedrive\área de trabalho\faculdade\3º semestre\modelagem e simulação\petrinetga2\petrinet engine\x64\debug\transition.obj
c:\users\basso\onedrive\área de trabalho\faculdade\3º semestre\modelagem e simulação\petrinetga2\petrinet engine\x64\debug\petrinet engine.obj
c:\users\basso\onedrive\área de trabalho\faculdade\3º semestre\modelagem e simulação\petrinetga2\petrinet engine\x64\debug\token.obj
c:\users\basso\onedrive\área de trabalho\faculdade\3º semestre\modelagem e simulação\petrinetga2\petrinet engine\x64\debug\place.obj
c:\users\basso\onedrive\área de trabalho\faculdade\3º semestre\modelagem e simulação\petrinetga2\petrinet engine\x64\debug\petrinet.obj
c:\users\basso\onedrive\área de trabalho\faculdade\3º semestre\modelagem e simulação\petrinetga2\petrinet engine\x64\debug\npc.obj
c:\users\basso\onedrive\área de trabalho\faculdade\3º semestre\modelagem e simulação\petrinetga2\petrinet engine\x64\debug\connection.obj
c:\users\basso\onedrive\área de trabalho\faculdade\3º semestre\modelagem e simulação\petrinetga2\petrinet engine\x64\debug\cavegeneration.obj
c:\users\basso\onedrive\área de trabalho\faculdade\3º semestre\modelagem e simulação\petrinetga2\x64\debug\petrinet engine.exe
c:\users\basso\onedrive\área de trabalho\faculdade\3º semestre\modelagem e simulação\petrinetga2\x64\debug\petrinet engine.ilk
c:\users\basso\onedrive\área de trabalho\faculdade\3º semestre\modelagem e simulação\petrinetga2\x64\debug\petrinet engine.pdb
c:\users\basso\onedrive\área de trabalho\faculdade\3º semestre\modelagem e simulação\petrinetga2\petrinet engine\x64\debug\petrinet engine.tlog\cl.command.1.tlog
c:\users\basso\onedrive\área de trabalho\faculdade\3º semestre\modelagem e simulação\petrinetga2\petrinet engine\x64\debug\petrinet engine.tlog\cl.read.1.tlog
c:\users\basso\onedrive\área de trabalho\faculdade\3º semestre\modelagem e simulação\petrinetga2\petrinet engine\x64\debug\petrinet engine.tlog\cl.write.1.tlog
c:\users\basso\onedrive\área de trabalho\faculdade\3º semestre\modelagem e simulação\petrinetga2\petrinet engine\x64\debug\petrinet engine.tlog\link.command.1.tlog
c:\users\basso\onedrive\área de trabalho\faculdade\3º semestre\modelagem e simulação\petrinetga2\petrinet engine\x64\debug\petrinet engine.tlog\link.read.1.tlog
c:\users\basso\onedrive\área de trabalho\faculdade\3º semestre\modelagem e simulação\petrinetga2\petrinet engine\x64\debug\petrinet engine.tlog\link.write.1.tlog
